2020-08-13 16:28:01,592 : INFO : Start of Training
2020-08-13 16:28:01,593 : INFO : Run_id:2020-08-13_162801_906308837
2020-08-13 16:28:01,593 : INFO : Start of Data Load, validation and transformation
2020-08-13 16:28:01,593 : INFO : Start of Archiving Old Rejected Files...
2020-08-13 16:28:01,593 : INFO : End of Archiving Old Rejected Files...
2020-08-13 16:28:01,593 : INFO : Start of Archiving Old Validated Files...
2020-08-13 16:28:01,593 : INFO : End of Archiving Old Validated Files...
2020-08-13 16:28:01,593 : INFO : Start of Archiving Old Processed Files...
2020-08-13 16:28:01,596 : INFO : End of Archiving Old Processed Files...
2020-08-13 16:28:01,597 : INFO : Start of Archiving Old Result Files...
2020-08-13 16:28:01,597 : INFO : End of Archiving Old Result Files...
2020-08-13 16:28:01,597 : INFO : Start of Reading values From Schema...
2020-08-13 16:28:01,599 : INFO : End of Reading values From Schema...
2020-08-13 16:28:01,599 : INFO : Start of Validating Column Length...
2020-08-13 16:28:01,634 : INFO : End of Validating Column Length...
2020-08-13 16:28:01,635 : INFO : Start of Validating Missing Values...
2020-08-13 16:28:01,643 : INFO : End of Validating Missing Values...
2020-08-13 16:28:01,644 : INFO : Start of Replacing Missing Values with NULL...
2020-08-13 16:28:01,666 : INFO : Credit_Approval_rename_data.csv: File Transformed successfully!!
2020-08-13 16:28:01,666 : INFO : End of Replacing Missing Values with NULL...
2020-08-13 16:28:01,666 : INFO : Start of Creating Table...
2020-08-13 16:28:01,667 : INFO : Opened training database successfully
2020-08-13 16:28:01,930 : INFO : CREATE TABLE training_raw_data_t column_name
2020-08-13 16:28:02,100 : INFO : ALTER TABLE training_raw_data_t ADD COLUMN
2020-08-13 16:28:02,289 : INFO : ALTER TABLE training_raw_data_t ADD COLUMN
2020-08-13 16:28:02,461 : INFO : ALTER TABLE training_raw_data_t ADD COLUMN
2020-08-13 16:28:02,653 : INFO : ALTER TABLE training_raw_data_t ADD COLUMN
2020-08-13 16:28:02,802 : INFO : ALTER TABLE training_raw_data_t ADD COLUMN
2020-08-13 16:28:03,090 : INFO : ALTER TABLE training_raw_data_t ADD COLUMN
2020-08-13 16:28:03,378 : INFO : ALTER TABLE training_raw_data_t ADD COLUMN
2020-08-13 16:28:03,505 : INFO : ALTER TABLE training_raw_data_t ADD COLUMN
2020-08-13 16:28:03,654 : INFO : ALTER TABLE training_raw_data_t ADD COLUMN
2020-08-13 16:28:03,793 : INFO : ALTER TABLE training_raw_data_t ADD COLUMN
2020-08-13 16:28:03,988 : INFO : ALTER TABLE training_raw_data_t ADD COLUMN
2020-08-13 16:28:04,303 : INFO : ALTER TABLE training_raw_data_t ADD COLUMN
2020-08-13 16:28:04,479 : INFO : ALTER TABLE training_raw_data_t ADD COLUMN
2020-08-13 16:28:04,730 : INFO : ALTER TABLE training_raw_data_t ADD COLUMN
2020-08-13 16:28:04,927 : INFO : ALTER TABLE training_raw_data_t ADD COLUMN
2020-08-13 16:28:04,927 : INFO : End of Creating Table...
2020-08-13 16:28:04,929 : INFO : Opened training database successfully
2020-08-13 16:28:04,929 : INFO : Start of Inserting Data into Table...
2020-08-13 16:29:35,639 : INFO : End of Inserting Data into Table...
2020-08-13 16:29:35,639 : INFO : Start of Exporting Data into CSV...
2020-08-13 16:29:35,645 : INFO : Opened training database successfully
2020-08-13 16:29:35,659 : INFO : End of Exporting Data into CSV...
2020-08-13 16:29:35,661 : INFO : Start of Moving Processed Files...
2020-08-13 16:29:35,662 : INFO : Moved the already processed file Credit_Approval_rename_data.csv
2020-08-13 16:29:35,662 : INFO : End of Moving Processed Files...
2020-08-13 16:29:35,662 : INFO : End of Data Load, validation and transformation
2020-08-13 16:29:35,662 : INFO : Start of Preprocessing...
2020-08-13 16:29:35,662 : INFO : Start of reading dataset...
2020-08-13 16:29:35,669 : INFO : End of reading dataset...
2020-08-13 16:29:35,669 : INFO : Start of Droping Columns...
2020-08-13 16:29:35,674 : INFO : End of Droping Columns...
2020-08-13 16:29:35,674 : INFO : Start of replacing invalid values...
2020-08-13 16:29:35,718 : INFO : end of replacing invalid values...
2020-08-13 16:29:35,718 : INFO : Start of encode Categorical Values ...
2020-08-13 16:29:35,732 : INFO : end of encode Categorical Values...
2020-08-13 16:29:35,732 : INFO : Start of feature encoding...
2020-08-13 16:29:35,749 : INFO : End of feature encoding...
2020-08-13 16:29:35,751 : INFO : Start of Droping Columns...
2020-08-13 16:29:35,752 : INFO : End of Droping Columns...
2020-08-13 16:29:35,752 : INFO : Start of finding missing values...
2020-08-13 16:29:35,760 : INFO : End of finding missing values...
2020-08-13 16:29:35,760 : INFO : Start of imputing missing values...
2020-08-13 16:29:35,769 : INFO : End of imputing missing values...
2020-08-13 16:29:35,769 : INFO : Start feature selection of dataset...
2020-08-13 16:29:35,771 : ERROR : Exception raised while feature selection of dataset: %sk should be >=0, <= n_features = 11; got 15. Use k='all' to return all features.
Traceback (most recent call last):
  File "C:\Users\sreeh\Desktop\group project\actual project\apps\preprocess\preprocessor.py", line 240, in feature_selection
  File "C:\Users\sreeh\AppData\Roaming\Python\Python36\site-packages\sklearn\feature_selection\_univariate_selection.py", line 348, in fit
    self._check_params(X, y)
  File "C:\Users\sreeh\AppData\Roaming\Python\Python36\site-packages\sklearn\feature_selection\_univariate_selection.py", line 514, in _check_params
    % (X.shape[1], self.k))
ValueError: k should be >=0, <= n_features = 11; got 15. Use k='all' to return all features.
2020-08-13 16:29:35,773 : ERROR : Unsuccessful End of Preprocessing...
Traceback (most recent call last):
  File "C:\Users\sreeh\Desktop\group project\actual project\apps\preprocess\preprocessor.py", line 240, in feature_selection
  File "C:\Users\sreeh\AppData\Roaming\Python\Python36\site-packages\sklearn\feature_selection\_univariate_selection.py", line 348, in fit
    self._check_params(X, y)
  File "C:\Users\sreeh\AppData\Roaming\Python\Python36\site-packages\sklearn\feature_selection\_univariate_selection.py", line 514, in _check_params
    % (X.shape[1], self.k))
ValueError: k should be >=0, <= n_features = 11; got 15. Use k='all' to return all features.

During handling of the above exception, another exception occurred:

Traceback (most recent call last):
  File "C:\Users\sreeh\Desktop\group project\actual project\apps\preprocess\preprocessor.py", line 341, in preprocess_trainset
    # create separate features and labels
  File "C:\Users\sreeh\Desktop\group project\actual project\apps\preprocess\preprocessor.py", line 256, in feature_selection
Exception
2020-08-13 16:29:35,774 : ERROR : Unsuccessful End of Training
Traceback (most recent call last):
  File "C:\Users\sreeh\Desktop\group project\actual project\apps\preprocess\preprocessor.py", line 240, in feature_selection
  File "C:\Users\sreeh\AppData\Roaming\Python\Python36\site-packages\sklearn\feature_selection\_univariate_selection.py", line 348, in fit
    self._check_params(X, y)
  File "C:\Users\sreeh\AppData\Roaming\Python\Python36\site-packages\sklearn\feature_selection\_univariate_selection.py", line 514, in _check_params
    % (X.shape[1], self.k))
ValueError: k should be >=0, <= n_features = 11; got 15. Use k='all' to return all features.

During handling of the above exception, another exception occurred:

Traceback (most recent call last):
  File "C:\Users\sreeh\Desktop\group project\actual project\apps\preprocess\preprocessor.py", line 341, in preprocess_trainset
    # create separate features and labels
  File "C:\Users\sreeh\Desktop\group project\actual project\apps\preprocess\preprocessor.py", line 256, in feature_selection
Exception

During handling of the above exception, another exception occurred:

Traceback (most recent call last):
  File "C:\Users\sreeh\Desktop\group project\actual project\apps\training\train_model.py", line 54, in training_model
    self.X, self.y = self.preProcess.preprocess_trainset()
  File "C:\Users\sreeh\Desktop\group project\actual project\apps\preprocess\preprocessor.py", line 348, in preprocess_trainset
Exception
