2020-08-12 10:11:39,890 : INFO : Start of Training
2020-08-12 10:11:39,890 : INFO : Run_id:2020-08-12_101139_592500826
2020-08-12 10:11:39,890 : INFO : Start of Data Load, validation and transformation
2020-08-12 10:11:39,890 : INFO : Start of Archiving Old Rejected Files...
2020-08-12 10:11:39,890 : INFO : End of Archiving Old Rejected Files...
2020-08-12 10:11:39,891 : INFO : Start of Archiving Old Validated Files...
2020-08-12 10:11:39,894 : INFO : End of Archiving Old Validated Files...
2020-08-12 10:11:39,894 : INFO : Start of Archiving Old Processed Files...
2020-08-12 10:11:39,895 : INFO : End of Archiving Old Processed Files...
2020-08-12 10:11:39,895 : INFO : Start of Archiving Old Result Files...
2020-08-12 10:11:39,896 : INFO : End of Archiving Old Result Files...
2020-08-12 10:11:39,896 : INFO : Start of Reading values From Schema...
2020-08-12 10:11:39,896 : INFO : End of Reading values From Schema...
2020-08-12 10:11:39,897 : INFO : Start of Validating Column Length...
2020-08-12 10:11:39,897 : INFO : End of Validating Column Length...
2020-08-12 10:11:39,897 : INFO : Start of Validating Missing Values...
2020-08-12 10:11:39,897 : INFO : End of Validating Missing Values...
2020-08-12 10:11:39,897 : INFO : Start of Replacing Missing Values with NULL...
2020-08-12 10:11:39,898 : INFO : End of Replacing Missing Values with NULL...
2020-08-12 10:11:39,898 : INFO : Start of Creating Table...
2020-08-12 10:11:39,898 : INFO : Opened training database successfully
2020-08-12 10:11:39,899 : INFO : Tables created successfully
2020-08-12 10:11:39,899 : INFO : Closed training database successfully
2020-08-12 10:11:39,899 : INFO : End of Creating Table...
2020-08-12 10:11:39,899 : INFO : Opened training database successfully
2020-08-12 10:11:39,900 : INFO : Start of Inserting Data into Table...
2020-08-12 10:11:39,900 : INFO : End of Inserting Data into Table...
2020-08-12 10:11:39,900 : INFO : Start of Exporting Data into CSV...
2020-08-12 10:11:39,900 : INFO : Opened training database successfully
2020-08-12 10:11:39,913 : INFO : End of Exporting Data into CSV...
2020-08-12 10:11:39,913 : INFO : Start of Moving Processed Files...
2020-08-12 10:11:39,913 : INFO : End of Moving Processed Files...
2020-08-12 10:11:39,913 : INFO : End of Data Load, validation and transformation
2020-08-12 10:11:39,913 : INFO : Start of Preprocessing...
2020-08-12 10:11:39,913 : INFO : Start of reading dataset...
2020-08-12 10:11:39,919 : INFO : End of reading dataset...
2020-08-12 10:11:39,919 : INFO : Start of Droping Columns...
2020-08-12 10:11:39,921 : INFO : End of Droping Columns...
2020-08-12 10:11:39,921 : INFO : Start of replacing invalid values...
2020-08-12 10:11:39,967 : INFO : end of replacing invalid values...
2020-08-12 10:11:39,967 : INFO : Start of encode Categorical Values ...
2020-08-12 10:11:39,979 : INFO : end of encode Categorical Values...
2020-08-12 10:11:39,980 : INFO : Start of feature encoding...
2020-08-12 10:11:39,995 : INFO : End of feature encoding...
2020-08-12 10:11:39,997 : INFO : Start of Droping Columns...
2020-08-12 10:11:39,998 : INFO : End of Droping Columns...
2020-08-12 10:11:39,998 : INFO : Start of finding missing values...
2020-08-12 10:11:40,004 : INFO : End of finding missing values...
2020-08-12 10:11:40,005 : INFO : Start of imputing missing values...
2020-08-12 10:11:40,012 : INFO : End of imputing missing values...
2020-08-12 10:11:40,012 : INFO : Start of splitting features and label ...
2020-08-12 10:11:40,013 : INFO : End of splitting features and label ...
2020-08-12 10:11:40,013 : INFO : End of Preprocessing...
2020-08-12 10:11:40,014 : INFO : Start of elbow plotting...
2020-08-12 10:11:40,493 : INFO : The optimum number of clusters is: 3
2020-08-12 10:11:40,493 : INFO : End of elbow plotting...
2020-08-12 10:11:40,493 : INFO : Start of Create clusters...
2020-08-12 10:11:40,525 : INFO : Start of Save Models
2020-08-12 10:11:40,525 : INFO : Start of Save Models
2020-08-12 10:11:40,529 : INFO : Model File KMeans saved
2020-08-12 10:11:40,529 : INFO : Model File KMeans saved
2020-08-12 10:11:40,529 : INFO : End of Save Models
2020-08-12 10:11:40,529 : INFO : End of Save Models
2020-08-12 10:11:40,529 : INFO : succesfully created 3clusters.
2020-08-12 10:11:40,530 : INFO : End of Create clusters...
2020-08-12 10:11:40,534 : INFO : Start of finding best model...
2020-08-12 10:11:40,534 : INFO : Start of finding best params for KNN algo...
2020-08-12 10:11:48,680 : INFO : Knn Forest best params: {'algorithm': 'ball_tree', 'leaf_size': 10, 'n_neighbors': 3, 'p': 1}
2020-08-12 10:11:48,680 : INFO : End of finding best params for knn algo...
2020-08-12 10:11:48,835 : INFO : AUC for knn:0.715646404109589
2020-08-12 10:11:48,835 : INFO : Start of finding best params for randomforest algo...
2020-08-12 10:11:50,912 : INFO : Random Forest best params: {'criterion': 'gini', 'max_depth': 3, 'max_features': 'log2', 'n_estimators': 4}
2020-08-12 10:11:50,912 : INFO : End of finding best params for randomforest algo...
2020-08-12 10:11:50,915 : INFO : AUC for Random Forest:0.8425727739726028
2020-08-12 10:11:50,915 : INFO : End of finding best model...
2020-08-12 10:11:50,915 : INFO : Start of Save Models
2020-08-12 10:11:50,915 : INFO : Start of Save Models
2020-08-12 10:11:50,917 : INFO : Model File RandomForest0 saved
2020-08-12 10:11:50,917 : INFO : Model File RandomForest0 saved
2020-08-12 10:11:50,917 : INFO : End of Save Models
2020-08-12 10:11:50,917 : INFO : End of Save Models
2020-08-12 10:11:50,920 : INFO : Start of finding best model...
2020-08-12 10:11:50,920 : INFO : Start of finding best params for KNN algo...
2020-08-12 10:11:50,921 : ERROR : Exception raised while finding best params for knn algo:Cannot have number of splits n_splits=5 greater than the number of samples: n_samples=3.
Traceback (most recent call last):
  File "C:\Users\sreeh\Desktop\group project\actual project\apps\tuning\model_tuner.py", line 108, in get_best_params_for_KNN
    self.grid = GridSearchCV(self.knn, self.param_grid_knn, verbose=3,
  File "C:\Users\sreeh\AppData\Roaming\Python\Python36\site-packages\sklearn\model_selection\_search.py", line 710, in fit
    self._run_search(evaluate_candidates)
  File "C:\Users\sreeh\AppData\Roaming\Python\Python36\site-packages\sklearn\model_selection\_search.py", line 1151, in _run_search
    evaluate_candidates(ParameterGrid(self.param_grid))
  File "C:\Users\sreeh\AppData\Roaming\Python\Python36\site-packages\sklearn\model_selection\_search.py", line 689, in evaluate_candidates
    cv.split(X, y, groups)))
  File "C:\Users\sreeh\AppData\Roaming\Python\Python36\site-packages\sklearn\model_selection\_split.py", line 333, in split
    .format(self.n_splits, n_samples))
ValueError: Cannot have number of splits n_splits=5 greater than the number of samples: n_samples=3.
2020-08-12 10:11:50,922 : ERROR : Exception raised while finding best model:
Traceback (most recent call last):
  File "C:\Users\sreeh\Desktop\group project\actual project\apps\tuning\model_tuner.py", line 108, in get_best_params_for_KNN
    self.grid = GridSearchCV(self.knn, self.param_grid_knn, verbose=3,
  File "C:\Users\sreeh\AppData\Roaming\Python\Python36\site-packages\sklearn\model_selection\_search.py", line 710, in fit
    self._run_search(evaluate_candidates)
  File "C:\Users\sreeh\AppData\Roaming\Python\Python36\site-packages\sklearn\model_selection\_search.py", line 1151, in _run_search
    evaluate_candidates(ParameterGrid(self.param_grid))
  File "C:\Users\sreeh\AppData\Roaming\Python\Python36\site-packages\sklearn\model_selection\_search.py", line 689, in evaluate_candidates
    cv.split(X, y, groups)))
  File "C:\Users\sreeh\AppData\Roaming\Python\Python36\site-packages\sklearn\model_selection\_split.py", line 333, in split
    .format(self.n_splits, n_samples))
ValueError: Cannot have number of splits n_splits=5 greater than the number of samples: n_samples=3.

During handling of the above exception, another exception occurred:

Traceback (most recent call last):
  File "C:\Users\sreeh\Desktop\group project\actual project\apps\tuning\model_tuner.py", line 185, in get_best_model
    """
  File "C:\Users\sreeh\Desktop\group project\actual project\apps\tuning\model_tuner.py", line 127, in get_best_params_for_KNN
    return self.knn
Exception
2020-08-12 10:11:50,922 : ERROR : Unsuccessful End of Training
Traceback (most recent call last):
  File "C:\Users\sreeh\Desktop\group project\actual project\apps\tuning\model_tuner.py", line 108, in get_best_params_for_KNN
    self.grid = GridSearchCV(self.knn, self.param_grid_knn, verbose=3,
  File "C:\Users\sreeh\AppData\Roaming\Python\Python36\site-packages\sklearn\model_selection\_search.py", line 710, in fit
    self._run_search(evaluate_candidates)
  File "C:\Users\sreeh\AppData\Roaming\Python\Python36\site-packages\sklearn\model_selection\_search.py", line 1151, in _run_search
    evaluate_candidates(ParameterGrid(self.param_grid))
  File "C:\Users\sreeh\AppData\Roaming\Python\Python36\site-packages\sklearn\model_selection\_search.py", line 689, in evaluate_candidates
    cv.split(X, y, groups)))
  File "C:\Users\sreeh\AppData\Roaming\Python\Python36\site-packages\sklearn\model_selection\_split.py", line 333, in split
    .format(self.n_splits, n_samples))
ValueError: Cannot have number of splits n_splits=5 greater than the number of samples: n_samples=3.

During handling of the above exception, another exception occurred:

Traceback (most recent call last):
  File "C:\Users\sreeh\Desktop\group project\actual project\apps\tuning\model_tuner.py", line 185, in get_best_model
    """
  File "C:\Users\sreeh\Desktop\group project\actual project\apps\tuning\model_tuner.py", line 127, in get_best_params_for_KNN
    return self.knn
Exception

During handling of the above exception, another exception occurred:

Traceback (most recent call last):
  File "C:\Users\sreeh\Desktop\group project\actual project\apps\training\train_model.py", line 78, in training_model
    best_model_name, best_model = self.modelTuner.get_best_model(x_train, y_train, x_test, y_test)
  File "C:\Users\sreeh\Desktop\group project\actual project\apps\tuning\model_tuner.py", line 218, in get_best_model
Exception
